<?xml version="1.0" encoding="UTF-8"?>
<!-- Generated by org.testng.reporters.JUnitReportReporter -->
<testsuite hostname="GIFTECH-L-080" failures="0" tests="3" name="com.qa.test.Surat_Registration_Form" time="167.705" errors="0" timestamp="2023-03-27T16:28:51 IST" skipped="0">
  <testcase classname="com.qa.test.Surat_Registration_Form" name="intiate_browser" time="4.413"/>
  <system-out>
    <![CDATA[Browser Opened
URL Entered]]>
  </system-out>
  <testcase classname="com.qa.test.Surat_Registration_Form" name="registration_form_details" time="148.059"/>
  <system-out/>
  <testcase classname="com.qa.test.Surat_Registration_Form" name="loginFormLocatorsTest" time="15.233"/>
  <system-out>
    <![CDATA[Browser Opened
URL Entered]]>
  </system-out>
</testsuite> <!-- com.qa.test.Surat_Registration_Form -->
